2020-04-12 17:07:18,262 INFO o.a.j.u.JMeterUtils: Setting Locale to en_CA
2020-04-12 17:07:18,284 INFO o.a.j.JMeter: Loading user properties from: user.properties
2020-04-12 17:07:18,285 INFO o.a.j.JMeter: Loading system properties from: system.properties
2020-04-12 17:07:18,287 INFO o.a.j.JMeter: Copyright (c) 1998-2019 The Apache Software Foundation
2020-04-12 17:07:18,287 INFO o.a.j.JMeter: Version 5.2.1
2020-04-12 17:07:18,287 INFO o.a.j.JMeter: java.version=1.8.0_191
2020-04-12 17:07:18,287 INFO o.a.j.JMeter: java.vm.name=Java HotSpot(TM) 64-Bit Server VM
2020-04-12 17:07:18,287 INFO o.a.j.JMeter: os.name=Windows 10
2020-04-12 17:07:18,287 INFO o.a.j.JMeter: os.arch=amd64
2020-04-12 17:07:18,287 INFO o.a.j.JMeter: os.version=10.0
2020-04-12 17:07:18,288 INFO o.a.j.JMeter: file.encoding=Cp1252
2020-04-12 17:07:18,288 INFO o.a.j.JMeter: java.awt.headless=null
2020-04-12 17:07:18,288 INFO o.a.j.JMeter: Max memory     =1884815360
2020-04-12 17:07:18,288 INFO o.a.j.JMeter: Available Processors =4
2020-04-12 17:07:18,293 INFO o.a.j.JMeter: Default Locale=English (Canada)
2020-04-12 17:07:18,293 INFO o.a.j.JMeter: JMeter  Locale=English (Canada)
2020-04-12 17:07:18,293 INFO o.a.j.JMeter: JMeterHome=D:\Documents\LOG8371\TP\log8371-tp2Docker\JMeter\apache-jmeter-5.2.1\apache-jmeter-5.2.1
2020-04-12 17:07:18,293 INFO o.a.j.JMeter: user.dir  =D:\Documents\LOG8371\TP\log8371-tp2Docker\JMeter\apache-jmeter-5.2.1\apache-jmeter-5.2.1\bin
2020-04-12 17:07:18,294 INFO o.a.j.JMeter: PWD       =D:\Documents\LOG8371\TP\log8371-tp2Docker\JMeter\apache-jmeter-5.2.1\apache-jmeter-5.2.1\bin
2020-04-12 17:07:27,313 INFO o.a.j.JMeter: IP: 169.254.155.108 Name: DESKTOP-RTPNR4I FullName: DESKTOP-RTPNR4I
2020-04-12 17:07:27,824 INFO o.a.j.g.a.LookAndFeelCommand: Installing Darcula LAF
2020-04-12 17:07:27,858 INFO o.a.j.g.a.LookAndFeelCommand: Using look and feel: com.bulenkov.darcula.DarculaLaf [Darcula]
2020-04-12 17:07:27,859 INFO o.a.j.JMeter: Setting LAF to: com.bulenkov.darcula.DarculaLaf
2020-04-12 17:07:28,011 INFO o.a.j.JMeter: Loaded icon properties from org/apache/jmeter/images/icon.properties
2020-04-12 17:07:31,637 INFO o.a.j.p.h.s.HTTPSamplerBase: Parser for text/html is org.apache.jmeter.protocol.http.parser.LagartoBasedHtmlParser
2020-04-12 17:07:31,638 INFO o.a.j.p.h.s.HTTPSamplerBase: Parser for application/xhtml+xml is org.apache.jmeter.protocol.http.parser.LagartoBasedHtmlParser
2020-04-12 17:07:31,638 INFO o.a.j.p.h.s.HTTPSamplerBase: Parser for application/xml is org.apache.jmeter.protocol.http.parser.LagartoBasedHtmlParser
2020-04-12 17:07:31,638 INFO o.a.j.p.h.s.HTTPSamplerBase: Parser for text/xml is org.apache.jmeter.protocol.http.parser.LagartoBasedHtmlParser
2020-04-12 17:07:31,638 INFO o.a.j.p.h.s.HTTPSamplerBase: Parser for text/vnd.wap.wml is org.apache.jmeter.protocol.http.parser.RegexpHTMLParser
2020-04-12 17:07:31,638 INFO o.a.j.p.h.s.HTTPSamplerBase: Parser for text/css is org.apache.jmeter.protocol.http.parser.CssParser
2020-04-12 17:07:32,758 INFO o.a.j.e.KeyToolUtils: keytool found at 'keytool'
2020-04-12 17:07:32,759 INFO o.a.j.p.h.p.ProxyControl: HTTP(S) Test Script Recorder SSL Proxy will use keys that support embedded 3rd party resources in file D:\Documents\LOG8371\TP\log8371-tp2Docker\JMeter\apache-jmeter-5.2.1\apache-jmeter-5.2.1\bin\proxyserver.jks
2020-04-12 17:07:32,955 INFO o.a.j.s.FileServer: Default base='D:\Documents\LOG8371\TP\log8371-tp2Docker\JMeter\apache-jmeter-5.2.1\apache-jmeter-5.2.1\bin'
2020-04-12 17:07:36,689 INFO o.a.j.s.SampleResult: Note: Sample TimeStamps are START times
2020-04-12 17:07:36,689 INFO o.a.j.s.SampleResult: sampleresult.default.encoding is set to ISO-8859-1
2020-04-12 17:07:36,689 INFO o.a.j.s.SampleResult: sampleresult.useNanoTime=true
2020-04-12 17:07:36,689 INFO o.a.j.s.SampleResult: sampleresult.nanoThreadSleep=5000
2020-04-12 17:08:01,550 INFO o.a.j.g.a.Load: Loading file: D:\Documents\LOG8371\TP\log8371-tp2Docker\JMeter\apache-jmeter-5.2.1\apache-jmeter-5.2.1\bin\teepaca\elasticsearch-test-plan.jmx
2020-04-12 17:08:01,550 INFO o.a.j.s.FileServer: Set new base='D:\Documents\LOG8371\TP\log8371-tp2Docker\JMeter\apache-jmeter-5.2.1\apache-jmeter-5.2.1\bin\teepaca'
2020-04-12 17:08:01,815 INFO o.a.j.s.SaveService: Testplan (JMX) version: 2.2. Testlog (JTL) version: 2.2
2020-04-12 17:08:01,865 INFO o.a.j.s.SaveService: Using SaveService properties file encoding UTF-8
2020-04-12 17:08:01,867 INFO o.a.j.s.SaveService: Using SaveService properties version 5.0
2020-04-12 17:08:01,870 INFO o.a.j.s.SaveService: Loading file: D:\Documents\LOG8371\TP\log8371-tp2Docker\JMeter\apache-jmeter-5.2.1\apache-jmeter-5.2.1\bin\teepaca\elasticsearch-test-plan.jmx
2020-04-12 17:08:03,348 INFO o.a.j.s.FileServer: Set new base='D:\Documents\LOG8371\TP\log8371-tp2Docker\JMeter\apache-jmeter-5.2.1\apache-jmeter-5.2.1\bin\teepaca'
